2024-08-03 11:52:51,483 [INFO] Activator:176 - 


2024-08-03 11:52:51,484 [INFO] Activator:177 - !SESSION log4j initialized
2024-08-03 11:52:53,147 [INFO] LogOutputStream:77 - [STDOUT_REDIRECT] 
2024-08-03 11:52:54,762 [INFO] ApplicationProperties:184 - Using Application install path: /opt/st/stm32cubeide_1.14.0/plugins/com.st.stm32cube.common.mx_6.10.0.202311202037
2024-08-03 11:52:54,771 [INFO] DbMcusXml:78 - Set database path to: /opt/st/stm32cubeide_1.14.0/plugins/com.st.stm32cube.common.mx_6.10.0.202311202037//db//mcu/
2024-08-03 11:52:54,771 [INFO] ApiDb:274 - Set plugin database path to: /opt/st/stm32cubeide_1.14.0/plugins/com.st.stm32cube.common.mx_6.10.0.202311202037//db//plugins/boardmanager/
2024-08-03 11:52:54,771 [WARN] ApiDb:259 - Overriding images path with different value:  => /opt/st/stm32cubeide_1.14.0/plugins/com.st.stm32cube.common.mx_6.10.0.202311202037//db//plugins/mcufinder/images/
2024-08-03 11:52:54,773 [INFO] ApiDb:250 - Set database path to: /home/pc/.stmcufinder/plugins/mcufinder//mcu/
2024-08-03 11:52:54,774 [INFO] DbMcusAds:125 - Set database path to: /home/pc/.stmcufinder/plugins/mcufinder//mcu/
2024-08-03 11:52:54,775 [INFO] CrossReferenceDbSqlite:203 - Set database path to: /home/pc/.stmcufinder/plugins/mcufinder//mcu/cs/
2024-08-03 11:52:54,828 [INFO] RulesReader:64 - Compatibility file has been processed (297 Rules)
2024-08-03 11:52:54,859 [INFO] DbMcusXml:78 - Set database path to: /opt/st/stm32cubeide_1.14.0/plugins/com.st.stm32cube.common.mx_6.10.0.202311202037//db//mcu/
2024-08-03 11:52:54,859 [INFO] ApiDb:274 - Set plugin database path to: /opt/st/stm32cubeide_1.14.0/plugins/com.st.stm32cube.common.mx_6.10.0.202311202037//db//plugins/boardmanager/
2024-08-03 11:52:54,859 [INFO] ApiDb:261 - Set plugin images path to: /opt/st/stm32cubeide_1.14.0/plugins/com.st.stm32cube.common.mx_6.10.0.202311202037//db//plugins/mcufinder/images/
2024-08-03 11:52:54,859 [WARN] DbFile:41 - Overriding database path with different value: /home/pc/.stmcufinder/plugins/mcufinder/ => /home/pc/.stmcufinder/plugins/mcufinder
2024-08-03 11:52:54,859 [INFO] ApiDb:250 - Set database path to: /home/pc/.stmcufinder/plugins/mcufinder//mcu/
2024-08-03 11:52:54,859 [WARN] DbFile:41 - Overriding database path with different value: /home/pc/.stmcufinder/plugins/mcufinder/ => /home/pc/.stmcufinder/plugins/mcufinder
2024-08-03 11:52:54,859 [INFO] DbMcusAds:125 - Set database path to: /home/pc/.stmcufinder/plugins/mcufinder//mcu/
2024-08-03 11:52:54,859 [WARN] DbFile:41 - Overriding database path with different value: /home/pc/.stmcufinder/plugins/mcufinder/ => /home/pc/.stmcufinder/plugins/mcufinder
2024-08-03 11:52:54,859 [WARN] DbFile:41 - Overriding database path with different value: /home/pc/.stmcufinder/plugins/mcufinder/ => /home/pc/.stmcufinder/plugins/mcufinder
2024-08-03 11:52:54,859 [INFO] CrossReferenceDbSqlite:203 - Set database path to: /home/pc/.stmcufinder/plugins/mcufinder//mcu/cs/
2024-08-03 11:52:54,890 [INFO] MainPanel:264 - HeapMemory: 268435456
2024-08-03 11:52:54,930 [INFO] DbMcusXml:78 - Set database path to: /opt/st/stm32cubeide_1.14.0/plugins/com.st.stm32cube.common.mx_6.10.0.202311202037//db//mcu/
2024-08-03 11:52:54,930 [INFO] ApiDb:274 - Set plugin database path to: /opt/st/stm32cubeide_1.14.0/plugins/com.st.stm32cube.common.mx_6.10.0.202311202037//db//plugins/boardmanager/
2024-08-03 11:52:54,930 [INFO] ApiDb:261 - Set plugin images path to: /opt/st/stm32cubeide_1.14.0/plugins/com.st.stm32cube.common.mx_6.10.0.202311202037//db//plugins/mcufinder/images/
2024-08-03 11:52:54,931 [WARN] DbFile:41 - Overriding database path with different value: /home/pc/.stmcufinder/plugins/mcufinder/ => /home/pc/.stmcufinder/plugins/mcufinder
2024-08-03 11:52:54,931 [INFO] ApiDb:250 - Set database path to: /home/pc/.stmcufinder/plugins/mcufinder//mcu/
2024-08-03 11:52:54,931 [WARN] DbFile:41 - Overriding database path with different value: /home/pc/.stmcufinder/plugins/mcufinder/ => /home/pc/.stmcufinder/plugins/mcufinder
2024-08-03 11:52:54,931 [INFO] DbMcusAds:125 - Set database path to: /home/pc/.stmcufinder/plugins/mcufinder//mcu/
2024-08-03 11:52:54,931 [WARN] DbFile:41 - Overriding database path with different value: /home/pc/.stmcufinder/plugins/mcufinder/ => /home/pc/.stmcufinder/plugins/mcufinder
2024-08-03 11:52:54,931 [WARN] DbFile:41 - Overriding database path with different value: /home/pc/.stmcufinder/plugins/mcufinder/ => /home/pc/.stmcufinder/plugins/mcufinder
2024-08-03 11:52:54,931 [INFO] CrossReferenceDbSqlite:203 - Set database path to: /home/pc/.stmcufinder/plugins/mcufinder//mcu/cs/
2024-08-03 11:52:54,941 [INFO] ApplicationProperties:184 - Using Application install path: /opt/st/stm32cubeide_1.14.0/plugins/com.st.stm32cube.common.mx_6.10.0.202311202037
2024-08-03 11:52:54,942 [INFO] PluginManage:196 - Search for loadable plugins [exclusion list=, ]
2024-08-03 11:52:54,943 [INFO] PluginManage:310 - Check plugin analytics
2024-08-03 11:52:55,022 [INFO] AnalyticsPlugin:253 - Accepted Software Licenses: 
2024-08-03 11:52:55,023 [INFO] AnalyticsPlugin:255 - Accepted CMSIS Pack Licenses: 
2024-08-03 11:52:55,023 [INFO] AnalyticsPlugin:257 - Accepted Firmware Licenses: FW.F4.1.28.0
2024-08-03 11:52:55,024 [INFO] PluginManage:359 - Loaded plugin analytics (category:tool,tabindex:-1)
2024-08-03 11:52:55,024 [INFO] PluginManage:310 - Check plugin cadmodel
2024-08-03 11:52:55,036 [INFO] CADModel:105 - Init CAD model plugin
2024-08-03 11:52:55,036 [INFO] PluginManage:359 - Loaded plugin cadmodel (category:power,tabindex:5)
2024-08-03 11:52:55,036 [INFO] PluginManage:310 - Check plugin clock
2024-08-03 11:52:55,040 [INFO] PluginManage:359 - Loaded plugin clock (category:base,tabindex:2)
2024-08-03 11:52:55,040 [INFO] PluginManage:310 - Check plugin ddr
2024-08-03 11:52:55,041 [INFO] PluginManage:359 - Loaded plugin ddr (category:tool,tabindex:6)
2024-08-03 11:52:55,041 [INFO] PluginManage:310 - Check plugin filemanager
2024-08-03 11:52:55,110 [INFO] PluginManage:359 - Loaded plugin filemanager (category:base,tabindex:10)
2024-08-03 11:52:55,110 [INFO] PluginManage:310 - Check plugin ipmanager
2024-08-03 11:52:55,113 [INFO] PluginManage:359 - Loaded plugin ipmanager (category:base,tabindex:5)
2024-08-03 11:52:55,113 [INFO] PluginManage:310 - Check plugin lpbam
2024-08-03 11:52:55,117 [INFO] PluginManage:359 - Loaded plugin lpbam (category:base,tabindex:0)
2024-08-03 11:52:55,117 [INFO] PluginManage:310 - Check plugin memorymap
2024-08-03 11:52:55,123 [INFO] PluginManage:359 - Loaded plugin memorymap (category:base,tabindex:4)
2024-08-03 11:52:55,123 [INFO] PluginManage:310 - Check plugin pinoutandconfiguration
2024-08-03 11:52:55,125 [INFO] PluginManage:359 - Loaded plugin pinoutandconfiguration (category:base,tabindex:1)
2024-08-03 11:52:55,126 [INFO] PluginManage:310 - Check plugin pinoutconfig
2024-08-03 11:52:55,183 [WARN] SupportedApi:132 - Cannot load RTOS API schema: s4s-elt-must-match.1: The content of 'definitions' must match (annotation?, (simpleType | complexType)?, (unique | key | keyref)*)). A problem was found starting at: attribute.
2024-08-03 11:52:55,246 [INFO] PluginManage:359 - Loaded plugin pinoutconfig (category:base,tabindex:0)
2024-08-03 11:52:55,246 [INFO] PluginManage:310 - Check plugin power
2024-08-03 11:52:55,249 [INFO] PluginManage:359 - Loaded plugin power (category:power,tabindex:4)
2024-08-03 11:52:55,249 [INFO] PluginManage:310 - Check plugin projectmanager
2024-08-03 11:52:55,257 [INFO] PluginManage:359 - Loaded plugin projectmanager (category:projectmanager,tabindex:3)
2024-08-03 11:52:55,257 [INFO] PluginManage:310 - Check plugin thirdparty
2024-08-03 11:52:55,311 [INFO] PluginManage:359 - Loaded plugin thirdparty (category:base,tabindex:-1)
2024-08-03 11:52:55,311 [WARN] IntegrityCheckThread:84 - waiting for thirdparty lock release [integrity check]
2024-08-03 11:52:55,311 [INFO] PluginManage:310 - Check plugin tools
2024-08-03 11:52:55,312 [INFO] IntegrityCheckThread:86 - entering critical section [integrity check]
2024-08-03 11:52:55,312 [INFO] ThirdPartyUpdaterWithRetryManager:70 - Updater plugin not ready yet. [1/15]
2024-08-03 11:52:55,312 [INFO] PluginManage:359 - Loaded plugin tools (category:base,tabindex:7)
2024-08-03 11:52:55,313 [INFO] PluginManage:310 - Check plugin tutovideos
2024-08-03 11:52:55,394 [INFO] PluginManage:359 - Loaded plugin tutovideos (category:base,tabindex:-1)
2024-08-03 11:52:55,394 [INFO] PluginManage:310 - Check plugin updater
2024-08-03 11:52:55,399 [INFO] PluginManage:359 - Loaded plugin updater (category:base,tabindex:12)
2024-08-03 11:52:55,400 [INFO] PluginManage:310 - Check plugin userauth
2024-08-03 11:52:55,402 [INFO] UserAuth:114 - Init User Auth plugin
2024-08-03 11:52:55,402 [INFO] PluginManage:359 - Loaded plugin userauth (category:base,tabindex:14)
2024-08-03 11:52:55,403 [INFO] PluginManage:283 - PluginManage : Loaded plugins [17]
2024-08-03 11:52:55,498 [INFO] PinOutPanel:1499 - setPackage(No Configuration,No Configuration)
2024-08-03 11:52:55,536 [INFO] CADModel:165 - CPN selected for project level
2024-08-03 11:52:55,536 [INFO] CADModel:114 - Register for checkConnection events
2024-08-03 11:52:55,544 [INFO] IPUIPlugin:80 - create IPUIPlugin
2024-08-03 11:52:55,544 [INFO] PluginManager:220 - loadIPPluginJar : add usbx
2024-08-03 11:52:55,545 [INFO] IPUIPlugin:80 - create IPUIPlugin
2024-08-03 11:52:55,546 [INFO] PluginManager:220 - loadIPPluginJar : add gtzc
2024-08-03 11:52:55,549 [INFO] IPUIPlugin:80 - create IPUIPlugin
2024-08-03 11:52:55,550 [INFO] PluginManager:220 - loadIPPluginJar : add freertos
2024-08-03 11:52:55,551 [INFO] IPUIPlugin:80 - create IPUIPlugin
2024-08-03 11:52:55,551 [INFO] PluginManager:220 - loadIPPluginJar : add openamp
2024-08-03 11:52:55,552 [INFO] IPUIPlugin:80 - create IPUIPlugin
2024-08-03 11:52:55,552 [INFO] PluginManager:220 - loadIPPluginJar : add usart
2024-08-03 11:52:55,553 [INFO] IPUIPlugin:80 - create IPUIPlugin
2024-08-03 11:52:55,553 [INFO] PluginManager:220 - loadIPPluginJar : add ts
2024-08-03 11:52:55,557 [INFO] IPUIPlugin:80 - create IPUIPlugin
2024-08-03 11:52:55,558 [INFO] PluginManager:220 - loadIPPluginJar : add stm32_wpan
2024-08-03 11:52:55,558 [INFO] IPUIPlugin:80 - create IPUIPlugin
2024-08-03 11:52:55,558 [INFO] PluginManager:220 - loadIPPluginJar : add comp
2024-08-03 11:52:55,562 [INFO] IPUIPlugin:80 - create IPUIPlugin
2024-08-03 11:52:55,564 [INFO] PluginManager:220 - loadIPPluginJar : add plateformsettings
2024-08-03 11:52:55,567 [INFO] IPUIPlugin:80 - create IPUIPlugin
2024-08-03 11:52:55,568 [INFO] PluginManager:220 - loadIPPluginJar : add gic
2024-08-03 11:52:55,569 [INFO] IPUIPlugin:80 - create IPUIPlugin
2024-08-03 11:52:55,569 [INFO] PluginManager:220 - loadIPPluginJar : add tracer_emb
2024-08-03 11:52:55,574 [INFO] IPUIPlugin:80 - create IPUIPlugin
2024-08-03 11:52:55,574 [INFO] PluginManager:220 - loadIPPluginJar : add adc
2024-08-03 11:52:55,575 [INFO] IPUIPlugin:80 - create IPUIPlugin
2024-08-03 11:52:55,575 [INFO] PluginManager:220 - loadIPPluginJar : add cryp
2024-08-03 11:52:55,576 [INFO] IPUIPlugin:80 - create IPUIPlugin
2024-08-03 11:52:55,577 [INFO] PluginManager:220 - loadIPPluginJar : add touchsensing
2024-08-03 11:52:55,580 [INFO] IPUIPlugin:80 - create IPUIPlugin
2024-08-03 11:52:55,580 [INFO] PluginManager:220 - loadIPPluginJar : add fmc
2024-08-03 11:52:55,582 [INFO] IPUIPlugin:80 - create IPUIPlugin
2024-08-03 11:52:55,582 [INFO] PluginManager:220 - loadIPPluginJar : add ipddr
2024-08-03 11:52:55,584 [INFO] IPUIPlugin:80 - create IPUIPlugin
2024-08-03 11:52:55,584 [INFO] PluginManager:220 - loadIPPluginJar : add opamp
2024-08-03 11:52:55,585 [INFO] IPUIPlugin:80 - create IPUIPlugin
2024-08-03 11:52:55,585 [INFO] PluginManager:220 - loadIPPluginJar : add dfsdm
2024-08-03 11:52:55,586 [INFO] IPUIPlugin:80 - create IPUIPlugin
2024-08-03 11:52:55,586 [INFO] PluginManager:220 - loadIPPluginJar : add hash
2024-08-03 11:52:55,591 [INFO] IPUIPlugin:80 - create IPUIPlugin
2024-08-03 11:52:55,591 [INFO] PluginManager:220 - loadIPPluginJar : add mdma
2024-08-03 11:52:55,593 [INFO] IPUIPlugin:80 - create IPUIPlugin
2024-08-03 11:52:55,593 [INFO] PluginManager:220 - loadIPPluginJar : add pdm2pcm
2024-08-03 11:52:55,595 [INFO] IPUIPlugin:80 - create IPUIPlugin
2024-08-03 11:52:55,596 [INFO] PluginManager:220 - loadIPPluginJar : add gpio
2024-08-03 11:52:55,599 [INFO] IPUIPlugin:80 - create IPUIPlugin
2024-08-03 11:52:55,600 [INFO] PluginManager:220 - loadIPPluginJar : add dma
2024-08-03 11:52:55,601 [INFO] IPUIPlugin:80 - create IPUIPlugin
2024-08-03 11:52:55,601 [INFO] PluginManager:220 - loadIPPluginJar : add tim
2024-08-03 11:52:55,602 [INFO] IPUIPlugin:80 - create IPUIPlugin
2024-08-03 11:52:55,602 [INFO] PluginManager:220 - loadIPPluginJar : add ucpd
2024-08-03 11:52:55,602 [INFO] IPUIPlugin:80 - create IPUIPlugin
2024-08-03 11:52:55,603 [INFO] PluginManager:220 - loadIPPluginJar : add ltdc
2024-08-03 11:52:55,603 [INFO] IPUIPlugin:80 - create IPUIPlugin
2024-08-03 11:52:55,603 [INFO] PluginManager:220 - loadIPPluginJar : add tsc
2024-08-03 11:52:55,605 [INFO] IPUIPlugin:80 - create IPUIPlugin
2024-08-03 11:52:55,605 [INFO] PluginManager:220 - loadIPPluginJar : add dma3
2024-08-03 11:52:55,610 [INFO] IPUIPlugin:80 - create IPUIPlugin
2024-08-03 11:52:55,611 [INFO] PluginManager:220 - loadIPPluginJar : add linkedlist
2024-08-03 11:52:55,612 [INFO] IPUIPlugin:80 - create IPUIPlugin
2024-08-03 11:52:55,612 [INFO] PluginManager:220 - loadIPPluginJar : add sai
2024-08-03 11:52:55,614 [INFO] IPUIPlugin:80 - create IPUIPlugin
2024-08-03 11:52:55,614 [INFO] PluginManager:220 - loadIPPluginJar : add spi
2024-08-03 11:52:55,616 [INFO] IPUIPlugin:80 - create IPUIPlugin
2024-08-03 11:52:55,616 [INFO] PluginManager:220 - loadIPPluginJar : add resmgrutility
2024-08-03 11:52:55,616 [INFO] IPUIPlugin:80 - create IPUIPlugin
2024-08-03 11:52:55,616 [INFO] PluginManager:220 - loadIPPluginJar : add genericplugin
2024-08-03 11:52:55,618 [INFO] IPUIPlugin:80 - create IPUIPlugin
2024-08-03 11:52:55,618 [INFO] PluginManager:220 - loadIPPluginJar : add i2s
2024-08-03 11:52:55,619 [INFO] IPUIPlugin:80 - create IPUIPlugin
2024-08-03 11:52:55,619 [INFO] PluginManager:220 - loadIPPluginJar : add gfxmmu
2024-08-03 11:52:55,620 [INFO] IPUIPlugin:80 - create IPUIPlugin
2024-08-03 11:52:55,620 [INFO] PluginManager:220 - loadIPPluginJar : add lorawan
2024-08-03 11:52:55,622 [INFO] IPUIPlugin:80 - create IPUIPlugin
2024-08-03 11:52:55,622 [INFO] PluginManager:220 - loadIPPluginJar : add can
2024-08-03 11:52:55,622 [INFO] IPUIPlugin:80 - create IPUIPlugin
2024-08-03 11:52:55,622 [INFO] PluginManager:220 - loadIPPluginJar : add fatfs
2024-08-03 11:52:55,623 [INFO] IPUIPlugin:80 - create IPUIPlugin
2024-08-03 11:52:55,623 [INFO] PluginManager:220 - loadIPPluginJar : add aes
2024-08-03 11:52:55,625 [INFO] IPUIPlugin:80 - create IPUIPlugin
2024-08-03 11:52:55,626 [INFO] PluginManager:220 - loadIPPluginJar : add nvic
2024-08-03 11:52:55,627 [INFO] IPUIPlugin:80 - create IPUIPlugin
2024-08-03 11:52:55,627 [INFO] PluginManager:220 - loadIPPluginJar : add i3c
2024-08-03 11:52:55,629 [INFO] IPUIPlugin:80 - create IPUIPlugin
2024-08-03 11:52:55,629 [INFO] PluginManager:220 - loadIPPluginJar : add i2c
2024-08-03 11:52:55,629 [INFO] IPUIPlugin:80 - create IPUIPlugin
2024-08-03 11:52:55,629 [INFO] PluginManager:220 - loadIPPluginJar : add quadspi
2024-08-03 11:52:55,723 [INFO] CADModel:165 - CPN selected for project level
2024-08-03 11:52:55,723 [INFO] CADModel:114 - Register for checkConnection events
2024-08-03 11:52:55,723 [FATAL] Updater:308 - Updater called before beeing initialized
2024-08-03 11:52:55,723 [ERROR] CADModel:125 - Updater not yet initialized, retry later 
2024-08-03 11:52:55,802 [INFO] CADModel:165 - CPN selected for project level
2024-08-03 11:52:55,802 [INFO] CADModel:114 - Register for checkConnection events
2024-08-03 11:52:55,803 [FATAL] Updater:308 - Updater called before beeing initialized
2024-08-03 11:52:55,803 [ERROR] CADModel:125 - Updater not yet initialized, retry later 
2024-08-03 11:52:55,805 [FATAL] Updater:308 - Updater called before beeing initialized
2024-08-03 11:52:55,854 [FATAL] Updater:308 - Updater called before beeing initialized
2024-08-03 11:52:55,857 [INFO] DbMcusAds:53 - JSON generation date=Thu May 16 10:22:00 CET 2024 (1715851320667)
2024-08-03 11:52:55,858 [FATAL] Updater:308 - Updater called before beeing initialized
2024-08-03 11:52:55,878 [WARN] DetailPanel:346 - Failed to get advertising image, set to default
2024-08-03 11:52:55,931 [FATAL] Updater:308 - Updater called before beeing initialized
2024-08-03 11:52:55,932 [FATAL] Updater:308 - Updater called before beeing initialized
2024-08-03 11:52:55,932 [FATAL] Updater:308 - Updater called before beeing initialized
2024-08-03 11:52:55,932 [WARN] DetailPanel:346 - Failed to get advertising image, set to default
2024-08-03 11:52:55,932 [FATAL] Updater:308 - Updater called before beeing initialized
2024-08-03 11:52:55,953 [ERROR] Updater:1120 - MainUpdater not yet initialized. External WinMGr cannot be set.
2024-08-03 11:52:55,954 [INFO] Updater:1056 - Updater Version found : 6.10.0
2024-08-03 11:52:55,965 [INFO] ApplicationProperties:184 - Using Application install path: /opt/st/stm32cubeide_1.14.0/plugins/com.st.stm32cube.common.mx_6.10.0.202311202037
2024-08-03 11:52:56,249 [INFO] MainUpdater:2873 - connection check result : 10
2024-08-03 11:52:56,250 [INFO] MainUpdater:290 - Updater Check For Update Now.
2024-08-03 11:52:56,250 [INFO] MicroXplorer:498 - Change Database Version : DB.6.0.100
2024-08-03 11:52:56,253 [INFO] McuFinderGlobals:63 - Set McuFinder mode to 2 (CubeIDE integrated)
2024-08-03 11:52:56,253 [INFO] UserAuth:180 - activating auth plugin
2024-08-03 11:52:56,255 [INFO] UserAuth:404 - Internet connection configuration mode: 1
2024-08-03 11:52:56,260 [INFO] JxBrowserEngine:152 - Initiate JxBrowser Engine with user profile folder
2024-08-03 11:52:56,393 [INFO] CheckServerUpdateThread:120 - End of CheckServer Thread
2024-08-03 11:52:56,519 [INFO] WebApp:161 - Instantiating new browser for Auth
2024-08-03 11:52:56,775 [INFO] WebApp:780 - Register for checkConnection events
2024-08-03 11:52:56,776 [INFO] WebApp:414 - Apply proxy settings
2024-08-03 11:52:56,776 [INFO] WebApp:499 - Chromium requires no authentication
2024-08-03 11:52:56,779 [INFO] WebApp:442 - Direct internet connection detected
2024-08-03 11:52:56,849 [INFO] WebApp:192 - Starting web application
2024-08-03 11:52:56,849 [INFO] WebApp:544 - Web application path used /opt/st/stm32cubeide_1.14.0/plugins/com.st.stm32cube.common.mx_6.10.0.202311202037/db/plugins/mcufinder/reactClient1/index.html
2024-08-03 11:52:58,362 [WARN] PackLoader:240 - Cannot read IP mode file for STMicroelectronics.X-CUBE-SMBUS.2.1.0
2024-08-03 11:52:58,366 [WARN] PackLoader:240 - Cannot read IP mode file for STMicroelectronics.X-CUBE-TOUCHGFX.4.23.2
2024-08-03 11:52:58,383 [WARN] PackLoader:240 - Cannot read IP mode file for STMicroelectronics.X-CUBE-AZRTOS-F7.1.1.0
2024-08-03 11:52:58,391 [WARN] PackLoader:240 - Cannot read IP mode file for STMicroelectronics.FP-SNS-FLIGHT1.5.0.2
2024-08-03 11:52:58,398 [WARN] PackLoader:240 - Cannot read IP mode file for STMicroelectronics.X-CUBE-DISPLAY.3.0.0
2024-08-03 11:52:58,407 [WARN] PackLoader:240 - Cannot read IP mode file for STMicroelectronics.X-CUBE-BLE1.7.0.0
2024-08-03 11:52:58,410 [WARN] PackLoader:240 - Cannot read IP mode file for emotas.I-CUBE-CANOPEN.1.3.0
2024-08-03 11:52:58,413 [WARN] PackLoader:240 - Cannot read IP mode file for STMicroelectronics.FP-SNS-SMARTAG2.1.2.0
2024-08-03 11:52:58,421 [INFO] LogOutputStream:77 - [STDOUT_REDIRECT] 1 : Invalid condition id : UX_CORESTACK_Condition cause : null
2024-08-03 11:52:58,421 [INFO] LogOutputStream:77 - [STDOUT_REDIRECT] 1 : Invalid condition id : UX_CORESTACK_Condition cause : null
2024-08-03 11:52:58,421 [INFO] LogOutputStream:77 - [STDOUT_REDIRECT] 1 : Invalid condition id : UX_CORESTACK_Condition cause : null
2024-08-03 11:52:58,422 [INFO] LogOutputStream:77 - [STDOUT_REDIRECT] 1 : Invalid condition id : UX_CORESTACK_Condition cause : null
2024-08-03 11:52:58,422 [INFO] LogOutputStream:77 - [STDOUT_REDIRECT] 1 : Invalid condition id : UX_CORESTACK_Condition cause : null
2024-08-03 11:52:58,426 [WARN] PackLoader:240 - Cannot read IP mode file for STMicroelectronics.X-CUBE-AZRTOS-WL.2.0.0
2024-08-03 11:52:58,429 [WARN] PackLoader:240 - Cannot read IP mode file for wolfSSL.I-CUBE-wolfMQTT.1.19.0
2024-08-03 11:52:58,435 [WARN] PackLoader:240 - Cannot read IP mode file for WES.I-CUBE-Cesium.1.3.0
2024-08-03 11:52:58,440 [WARN] PackLoader:240 - Cannot read IP mode file for STMicroelectronics.X-CUBE-BLE2.3.3.0
2024-08-03 11:52:58,454 [WARN] PackLoader:240 - Cannot read IP mode file for STMicroelectronics.X-CUBE-AZRTOS-G0.1.1.0
2024-08-03 11:52:58,461 [WARN] PackLoader:240 - Cannot read IP mode file for STMicroelectronics.X-CUBE-NFC4.3.0.0
2024-08-03 11:52:58,471 [WARN] PackLoader:240 - Cannot read IP mode file for EmbeddedOffice.I-CUBE-FS-RTOS.1.0.1
2024-08-03 11:52:58,471 [ERROR] ConditionMgr:805 - Attr not supported : Dmpu
2024-08-03 11:52:58,471 [ERROR] ConditionMgr:805 - Attr not supported : Dmpu
2024-08-03 11:52:58,471 [ERROR] ConditionMgr:805 - Attr not supported : Dmpu
2024-08-03 11:52:58,471 [ERROR] ConditionMgr:805 - Attr not supported : Dmpu
2024-08-03 11:52:58,471 [ERROR] ConditionMgr:805 - Attr not supported : Dmpu
2024-08-03 11:52:58,471 [ERROR] ConditionMgr:805 - Attr not supported : Dmpu
2024-08-03 11:52:58,471 [ERROR] ConditionMgr:805 - Attr not supported : Dmpu
2024-08-03 11:52:58,471 [ERROR] ConditionMgr:805 - Attr not supported : Dmpu
2024-08-03 11:52:58,471 [ERROR] ConditionMgr:805 - Attr not supported : Dmpu
2024-08-03 11:52:58,472 [ERROR] ConditionMgr:805 - Attr not supported : Dmpu
2024-08-03 11:52:58,472 [ERROR] ConditionMgr:805 - Attr not supported : Dmpu
2024-08-03 11:52:58,472 [ERROR] ConditionMgr:805 - Attr not supported : Dmpu
2024-08-03 11:52:58,472 [ERROR] ConditionMgr:805 - Attr not supported : Dmpu
2024-08-03 11:52:58,472 [ERROR] ConditionMgr:805 - Attr not supported : Dmpu
2024-08-03 11:52:58,472 [ERROR] ConditionMgr:805 - Attr not supported : Dmpu
2024-08-03 11:52:58,472 [ERROR] ConditionMgr:805 - Attr not supported : Dmpu
2024-08-03 11:52:58,472 [ERROR] ConditionMgr:805 - Attr not supported : Dmpu
2024-08-03 11:52:58,472 [ERROR] ConditionMgr:805 - Attr not supported : Dmpu
2024-08-03 11:52:58,472 [ERROR] ConditionMgr:805 - Attr not supported : Dmpu
2024-08-03 11:52:58,472 [ERROR] ConditionMgr:805 - Attr not supported : Dmpu
2024-08-03 11:52:58,472 [ERROR] ConditionMgr:805 - Attr not supported : Dmpu
2024-08-03 11:52:58,472 [ERROR] ConditionMgr:805 - Attr not supported : Dmpu
2024-08-03 11:52:58,472 [ERROR] ConditionMgr:805 - Attr not supported : Dmpu
2024-08-03 11:52:58,472 [ERROR] ConditionMgr:805 - Attr not supported : Dmpu
2024-08-03 11:52:58,472 [ERROR] ConditionMgr:805 - Attr not supported : Dmpu
2024-08-03 11:52:58,472 [ERROR] ConditionMgr:805 - Attr not supported : Dmpu
2024-08-03 11:52:58,472 [ERROR] ConditionMgr:805 - Attr not supported : Dmpu
2024-08-03 11:52:58,472 [ERROR] ConditionMgr:805 - Attr not supported : Dmpu
2024-08-03 11:52:58,472 [ERROR] ConditionMgr:805 - Attr not supported : Dmpu
2024-08-03 11:52:58,472 [ERROR] ConditionMgr:805 - Attr not supported : Dmpu
2024-08-03 11:52:58,472 [ERROR] ConditionMgr:805 - Attr not supported : Dmpu
2024-08-03 11:52:58,472 [ERROR] ConditionMgr:805 - Attr not supported : Dmpu
2024-08-03 11:52:58,473 [ERROR] ConditionMgr:805 - Attr not supported : Dmpu
2024-08-03 11:52:58,473 [ERROR] ConditionMgr:805 - Attr not supported : Dmpu
2024-08-03 11:52:58,473 [ERROR] ConditionMgr:805 - Attr not supported : Dmpu
2024-08-03 11:52:58,473 [ERROR] ConditionMgr:805 - Attr not supported : Dmpu
2024-08-03 11:52:58,473 [ERROR] ConditionMgr:805 - Attr not supported : Dmpu
2024-08-03 11:52:58,473 [ERROR] ConditionMgr:805 - Attr not supported : Dmpu
2024-08-03 11:52:58,473 [ERROR] ConditionMgr:805 - Attr not supported : Dmpu
2024-08-03 11:52:58,473 [ERROR] ConditionMgr:805 - Attr not supported : Dmpu
2024-08-03 11:52:58,473 [ERROR] ConditionMgr:805 - Attr not supported : Dmpu
2024-08-03 11:52:58,473 [ERROR] ConditionMgr:805 - Attr not supported : Dmpu
2024-08-03 11:52:58,473 [ERROR] ConditionMgr:805 - Attr not supported : Dmpu
2024-08-03 11:52:58,473 [ERROR] ConditionMgr:805 - Attr not supported : Dmpu
2024-08-03 11:52:58,473 [ERROR] ConditionMgr:805 - Attr not supported : Dmpu
2024-08-03 11:52:58,473 [ERROR] ConditionMgr:805 - Attr not supported : Dmpu
2024-08-03 11:52:58,473 [ERROR] ConditionMgr:805 - Attr not supported : Dmpu
2024-08-03 11:52:58,473 [ERROR] ConditionMgr:805 - Attr not supported : Dmpu
2024-08-03 11:52:58,473 [ERROR] ConditionMgr:805 - Attr not supported : Dmpu
2024-08-03 11:52:58,473 [ERROR] ConditionMgr:805 - Attr not supported : Dmpu
2024-08-03 11:52:58,474 [ERROR] ConditionMgr:805 - Attr not supported : Dmpu
2024-08-03 11:52:58,474 [ERROR] ConditionMgr:805 - Attr not supported : Dmpu
2024-08-03 11:52:58,474 [ERROR] ConditionMgr:805 - Attr not supported : Dmpu
2024-08-03 11:52:58,474 [ERROR] ConditionMgr:805 - Attr not supported : Dmpu
2024-08-03 11:52:58,474 [ERROR] ConditionMgr:805 - Attr not supported : Dmpu
2024-08-03 11:52:58,474 [ERROR] ConditionMgr:805 - Attr not supported : Dmpu
2024-08-03 11:52:58,474 [ERROR] ConditionMgr:805 - Attr not supported : Dmpu
2024-08-03 11:52:58,474 [ERROR] ConditionMgr:805 - Attr not supported : Dmpu
2024-08-03 11:52:58,474 [ERROR] ConditionMgr:805 - Attr not supported : Dmpu
2024-08-03 11:52:58,474 [ERROR] ConditionMgr:805 - Attr not supported : Dmpu
2024-08-03 11:52:58,474 [ERROR] ConditionMgr:805 - Attr not supported : Dmpu
2024-08-03 11:52:58,474 [ERROR] ConditionMgr:805 - Attr not supported : Dmpu
2024-08-03 11:52:58,475 [ERROR] ConditionMgr:805 - Attr not supported : Dmpu
2024-08-03 11:52:58,475 [ERROR] ConditionMgr:805 - Attr not supported : Dmpu
2024-08-03 11:52:58,478 [WARN] PackLoader:240 - Cannot read IP mode file for RealThread.X-CUBE-RT-Thread_Nano.4.1.1
2024-08-03 11:52:58,482 [WARN] PackLoader:240 - Cannot read IP mode file for STMicroelectronics.FP-ATR-SIGFOX1.3.2.0
2024-08-03 11:52:58,486 [WARN] PackLoader:240 - Cannot read IP mode file for ITTIA_DB.I-CUBE-ITTIADB.8.9.0
2024-08-03 11:52:58,509 [WARN] PackLoader:240 - Cannot read IP mode file for SEGGER.I-CUBE-embOS.1.3.1
2024-08-03 11:52:58,542 [WARN] PackLoader:240 - Cannot read IP mode file for STMicroelectronics.X-CUBE-GNSS1.6.0.0
2024-08-03 11:52:58,552 [WARN] PackLoader:240 - Cannot read IP mode file for STMicroelectronics.X-CUBE-AZRTOS-F4.1.1.0
2024-08-03 11:52:58,563 [WARN] PackLoader:240 - Cannot read IP mode file for STMicroelectronics.X-CUBE-AZRTOS-L5.2.0.0
2024-08-03 11:52:58,568 [WARN] PackLoader:240 - Cannot read IP mode file for STMicroelectronics.X-CUBE-DPower.1.2.0
2024-08-03 11:52:58,573 [WARN] PackLoader:240 - Cannot read IP mode file for STMicroelectronics.X-CUBE-NFC7.1.0.1
2024-08-03 11:52:58,575 [WARN] PackLoader:240 - Cannot read IP mode file for wolfSSL.I-CUBE-wolfTPM.3.2.0
2024-08-03 11:52:58,586 [WARN] ConditionMgr:438 - getConditionDescription Invalid condition id : LAN8742 Phy interface Condition cause : null
2024-08-03 11:52:58,587 [WARN] PackLoader:240 - Cannot read IP mode file for STMicroelectronics.X-CUBE-AZRTOS-L4.2.0.0
2024-08-03 11:52:58,588 [WARN] ConditionMgr:1039 - genDependencies : Invalid condition id : LAN8742 Phy interface Condition cause : null
2024-08-03 11:52:58,589 [WARN] ConditionMgr:1039 - genDependencies : Invalid condition id : LAN8742 Phy interface Condition cause : null
2024-08-03 11:52:58,589 [WARN] ConditionMgr:1039 - genDependencies : Invalid condition id : LAN8742 Phy interface Condition cause : null
2024-08-03 11:52:58,593 [WARN] PackLoader:240 - Cannot read IP mode file for STMicroelectronics.X-CUBE-SFXS2LP1.4.0.0
2024-08-03 11:52:58,601 [WARN] ConditionMgr:438 - getConditionDescription Invalid condition id : UX DEVICE CLASS RTOS Condition cause : null
2024-08-03 11:52:58,602 [WARN] ConditionMgr:438 - getConditionDescription Invalid condition id : UX DEVICE CLASS RTOS Condition cause : null
2024-08-03 11:52:58,603 [WARN] PackLoader:240 - Cannot read IP mode file for STMicroelectronics.X-CUBE-AZRTOS-WB.2.0.0
2024-08-03 11:52:58,603 [WARN] ConditionMgr:1039 - genDependencies : Invalid condition id : UX DEVICE CLASS RTOS Condition cause : null
2024-08-03 11:52:58,603 [WARN] ConditionMgr:1039 - genDependencies : Invalid condition id : UX DEVICE CLASS RTOS Condition cause : null
2024-08-03 11:52:58,603 [WARN] ConditionMgr:1039 - genDependencies : Invalid condition id : UX DEVICE CLASS RTOS Condition cause : null
2024-08-03 11:52:58,603 [WARN] ConditionMgr:1039 - genDependencies : Invalid condition id : UX DEVICE CLASS RTOS Condition cause : null
2024-08-03 11:52:58,603 [WARN] ConditionMgr:1039 - genDependencies : Invalid condition id : UX DEVICE CLASS RTOS Condition cause : null
2024-08-03 11:52:58,608 [WARN] PackLoader:240 - Cannot read IP mode file for STMicroelectronics.FP-SNS-STBOX1.2.0.0
2024-08-03 11:52:58,617 [WARN] PackLoader:240 - Cannot read IP mode file for STMicroelectronics.X-CUBE-SUBG2.5.0.0
2024-08-03 11:52:58,621 [WARN] PackLoader:240 - Cannot read IP mode file for Cesanta.I-CUBE-Mongoose.7.13.0
2024-08-03 11:52:58,628 [WARN] PackLoader:240 - Cannot read IP mode file for STMicroelectronics.X-CUBE-AZRTOS-G4.2.0.0
2024-08-03 11:52:58,632 [WARN] PackLoader:240 - Cannot read IP mode file for STMicroelectronics.X-CUBE-ALS.1.0.2
2024-08-03 11:52:58,653 [WARN] PackLoader:240 - Cannot read IP mode file for STMicroelectronics.X-CUBE-MEMS1.10.0.0
2024-08-03 11:52:58,776 [WARN] PackLoader:240 - Cannot read IP mode file for STMicroelectronics.X-CUBE-TOUCHGFX.4.24.0
2024-08-03 11:52:58,781 [WARN] PackLoader:240 - Cannot read IP mode file for portGmbH.I-Cube-SoM-uGOAL.1.1.0
2024-08-03 11:52:58,786 [WARN] PackLoader:240 - Cannot read IP mode file for STMicroelectronics.X-CUBE-ALS.1.0.1
2024-08-03 11:52:58,791 [WARN] PackLoader:240 - Cannot read IP mode file for STMicroelectronics.FP-ATR-ASTRA1.2.0.0
2024-08-03 11:52:58,799 [WARN] PackLoader:240 - Cannot read IP mode file for STMicroelectronics.X-CUBE-TOF1.3.4.2
2024-08-03 11:52:58,819 [WARN] PackLoader:240 - Cannot read IP mode file for STMicroelectronics.X-CUBE-TOF1.3.4.1
2024-08-03 11:52:58,839 [WARN] PackLoader:240 - Cannot read IP mode file for Infineon.AIROC-Wi-Fi-Bluetooth-STM32.1.6.0
2024-08-03 11:52:58,847 [WARN] PackLoader:240 - Cannot read IP mode file for wolfSSL.I-CUBE-wolfSSH.1.4.17
2024-08-03 11:52:58,848 [INFO] ThirdParty:978 - Integrity check success = true
2024-08-03 11:52:58,848 [INFO] IntegrityCheckThread:100 - exiting critical section [integrity check]
2024-08-03 11:52:58,848 [INFO] IntegrityCheckThread:103 - End integrity checks thread
2024-08-03 11:53:17,058 [ERROR] LogOutputStream:75 - [STDERR_REDIRECT] SLF4J: Failed to load class "org.slf4j.impl.StaticLoggerBinder".
2024-08-03 11:53:17,059 [ERROR] LogOutputStream:75 - [STDERR_REDIRECT] SLF4J: Defaulting to no-operation (NOP) logger implementation
2024-08-03 11:53:17,059 [ERROR] LogOutputStream:75 - [STDERR_REDIRECT] SLF4J: See http://www.slf4j.org/codes.html#StaticLoggerBinder for further details.
2024-08-03 11:53:48,012 [INFO] McuFinderGlobals:63 - Set McuFinder mode to 2 (CubeIDE integrated)
2024-08-03 11:53:49,927 [INFO] MainUpdater:2873 - connection check result : 10
2024-08-03 11:53:49,927 [INFO] MainUpdater:2873 - connection check result : 10
2024-08-03 11:53:49,941 [INFO] MicroXplorer:468 - Change Database Path : 
2024-08-03 11:53:49,941 [INFO] MicroXplorer:498 - Change Database Version : DB.6.0.100
2024-08-03 11:53:49,944 [WARN] ThirdParty:871 - waiting for thirdparty lock release [close project]
2024-08-03 11:53:49,944 [INFO] ThirdParty:873 - entering critical section [close project]
2024-08-03 11:53:49,945 [INFO] ThirdParty:883 - exiting critical section [close project]
2024-08-03 11:53:49,946 [INFO] PinOutPanel:1499 - setPackage(No Configuration,No Configuration)
2024-08-03 11:53:49,948 [INFO] UtilMem:75 - Begin LoadConfig() Used Memory: 792192488 Bytes (884998144)
2024-08-03 11:53:49,949 [INFO] MicroXplorer:468 - Change Database Path : 
2024-08-03 11:53:49,949 [INFO] MicroXplorer:498 - Change Database Version : DB.6.0.100
2024-08-03 11:53:49,949 [INFO] OpenFileManager:312 - Change cursor
2024-08-03 11:53:49,961 [INFO] Mcu:2016 - Initializing MCU STM32F407V(E-G)Tx STM32F407VGTx STM32F407VGT6
2024-08-03 11:53:50,628 [INFO] Context:659 - Trying to add GPIOservice into a context  which must be forbidden
2024-08-03 11:53:50,926 [INFO] RtosManager:555 - Registered RTOS mode: class=CMSIS, group=RTOS, mode=CMSIS_V1, owner=FREERTOS
2024-08-03 11:53:50,926 [INFO] RtosManager:555 - Registered RTOS mode: class=CMSIS, group=RTOS2, mode=CMSIS_V2, owner=FREERTOS
2024-08-03 11:53:50,926 [INFO] RtosManager:555 - Registered RTOS mode: class=RTOS, group=Core, mode=CMSIS_V1, owner=FREERTOS
2024-08-03 11:53:50,926 [INFO] RtosManager:555 - Registered RTOS mode: class=RTOS, group=Core, mode=CMSIS_V2, owner=FREERTOS
2024-08-03 11:53:50,926 [WARN] ModelIntegratedComponent:184 - Missing modes for component STMicroelectronics:FreeRTOS:0.0.1:STMicroelectronics:RTOS:FreeRTOS:Core:::10.2.0:
2024-08-03 11:53:50,934 [WARN] ModelIntegratedComponent:63 - No mode defined for component null
2024-08-03 11:53:50,934 [WARN] ModelIntegratedComponent:63 - No mode defined for component null
2024-08-03 11:53:50,934 [WARN] ModelIntegratedComponent:63 - No mode defined for component null
2024-08-03 11:53:50,934 [WARN] ModelIntegratedComponent:63 - No mode defined for component null
2024-08-03 11:53:50,934 [WARN] ModelIntegratedComponent:63 - No mode defined for component null
2024-08-03 11:53:50,934 [WARN] ModelIntegratedComponent:63 - No mode defined for component null
2024-08-03 11:53:50,934 [WARN] ModelIntegratedComponent:63 - No mode defined for component null
2024-08-03 11:53:50,934 [WARN] ModelIntegratedComponent:63 - No mode defined for component null
2024-08-03 11:53:50,935 [WARN] ModelIntegratedComponent:63 - No mode defined for component null
2024-08-03 11:53:50,935 [WARN] ModelIntegratedComponent:63 - No mode defined for component null
2024-08-03 11:53:50,935 [WARN] ModelIntegratedComponent:63 - No mode defined for component null
2024-08-03 11:53:50,935 [WARN] ModelIntegratedComponent:63 - No mode defined for component null
2024-08-03 11:53:50,935 [WARN] ModelIntegratedComponent:63 - No mode defined for component null
2024-08-03 11:53:50,935 [WARN] ModelIntegratedComponent:63 - No mode defined for component null
2024-08-03 11:53:50,935 [WARN] ModelIntegratedComponent:63 - No mode defined for component null
2024-08-03 11:53:50,935 [WARN] ModelIntegratedComponent:63 - No mode defined for component null
2024-08-03 11:53:50,935 [WARN] ModelIntegratedComponent:63 - No mode defined for component null
2024-08-03 11:53:50,935 [WARN] ModelIntegratedComponent:63 - No mode defined for component null
2024-08-03 11:53:50,935 [WARN] ModelIntegratedComponent:63 - No mode defined for component null
2024-08-03 11:53:50,935 [WARN] ModelIntegratedComponent:63 - No mode defined for component null
2024-08-03 11:53:50,935 [WARN] ModelIntegratedComponent:63 - No mode defined for component null
2024-08-03 11:53:50,935 [WARN] ModelIntegratedComponent:63 - No mode defined for component null
2024-08-03 11:53:50,935 [WARN] ModelIntegratedComponent:63 - No mode defined for component null
2024-08-03 11:53:50,935 [WARN] ModelIntegratedComponent:63 - No mode defined for component null
2024-08-03 11:53:50,935 [WARN] ModelIntegratedComponent:63 - No mode defined for component null
2024-08-03 11:53:50,935 [WARN] ModelIntegratedComponent:63 - No mode defined for component null
2024-08-03 11:53:50,935 [WARN] ModelIntegratedComponent:63 - No mode defined for component null
2024-08-03 11:53:50,935 [WARN] ModelIntegratedComponent:63 - No mode defined for component null
2024-08-03 11:53:50,935 [WARN] ModelIntegratedComponent:63 - No mode defined for component null
2024-08-03 11:53:50,935 [WARN] ModelIntegratedComponent:63 - No mode defined for component null
2024-08-03 11:53:50,935 [WARN] ModelIntegratedComponent:63 - No mode defined for component null
2024-08-03 11:53:50,935 [WARN] ModelIntegratedComponent:63 - No mode defined for component null
2024-08-03 11:53:50,935 [WARN] ModelIntegratedComponent:63 - No mode defined for component null
2024-08-03 11:53:50,991 [INFO] ThirdPartyModel:298 - Start build external matchings
2024-08-03 11:53:51,162 [INFO] ThirdPartyModel:316 - End build external matchings
2024-08-03 11:53:51,176 [INFO] ImportTextPane:194 - (OptionalMessage_ERROR) IP (RCC) : Parameter (RTCHSEDivFreq_Value) has invalid value (4000000)
2024-08-03 11:53:51,301 [INFO] UtilMem:75 - End LoadConfig() Used Memory: 858529040 Bytes (1073741824)
2024-08-03 11:53:51,362 [INFO] ApiDb:581 - Connected to CubeFinder SQLite database (/home/pc/.stmcufinder/plugins/mcufinder/mcu/cube-finder-db.db)
2024-08-03 11:53:51,389 [INFO] ApiDb:668 - CubeFinder database Data Model version=2.1
2024-08-03 11:53:51,389 [INFO] ApiDb:669 - CubeFinder database Configuration version=3.0.39
2024-08-03 11:53:51,390 [INFO] ApiDb:670 - CubeFinder database generation date=2024-06-20 (1718880634)
2024-08-03 11:53:51,390 [INFO] ApiDb:671 - CubeFinder database FW Pack versions=[FP-ATR-ASTRA1_V2.0.0, FP-SNS-FLIGHT1_V5.0.2, FP-SNS-MOTENV1_V5.0.0, FP-SNS-MOTENVWB1_V1.4.0, FP-SNS-SMARTAG2_V1.2.0, STM32Cube_FW_C0_V1.2.0, STM32Cube_FW_F4_V1.28.0, STM32Cube_FW_F7_V1.17.2, STM32Cube_FW_G0_V1.6.2, STM32Cube_FW_G4_V1.6.0, STM32Cube_FW_H5_V1.3.0, STM32Cube_FW_H7RS_V1.1.0, STM32Cube_FW_H7_V1.11.2, STM32Cube_FW_L0_V1.12.2, STM32Cube_FW_L5_V1.5.1, STM32Cube_FW_U0_V1.1.0, STM32Cube_FW_U5_V1.6.0, STM32Cube_FW_WB0_V1.0.0, STM32Cube_FW_WBA_V1.4.0, STM32Cube_FW_WB_V1.20.0, STM32Cube_FW_WL_V1.3.0, X-CUBE-ALGOBUILD_V1.4.0, X-CUBE-ALS_V1.0.2, X-CUBE-AZRTOS-F4_V1.1.0, X-CUBE-AZRTOS-F7_V1.1.0, X-CUBE-AZRTOS-G0_V1.1.0, X-CUBE-AZRTOS-G4_V2.0.0, X-CUBE-AZRTOS-H7RS_V1.0.0, X-CUBE-AZRTOS-H7_V3.2.0, X-CUBE-AZRTOS-L4_V2.0.0, X-CUBE-AZRTOS-L5_V1.1.0, X-CUBE-AZRTOS-WB_V2.0.0, X-CUBE-AZRTOS-WL_V2.0.0, X-CUBE-BLE1_V7.0.0, X-CUBE-BLE2_V3.3.0, X-CUBE-BLEMGR_V3.1.0, X-CUBE-EEPRMA1_V5.1.0, X-CUBE-FREERTOS_V1.2.0, X-CUBE-GNSS1_V6.0.0, X-CUBE-MEMS1_V10.0.0, X-CUBE-NFC4_V3.0.0, X-CUBE-NFC7_V1.0.1, X-CUBE-SFXS2LP1_V4.0.0, X-CUBE-SUBG2_V5.0.0, X-CUBE-TOF1_V3.4.1]
2024-08-03 11:53:52,753 [INFO] ApiDb:240 - Found 371 in-development CPN: [B-G473E-ZEST1S, B-WB1M-WPAN1, B-WL5M-SUBG1, NUCLEO-C031C6, NUCLEO-H503RB, NUCLEO-H563ZI, NUCLEO-U545RE-Q, NUCLEO-U5A5ZJ-Q, NUCLEO-WBA52CG, NUCLEO-WBA55CG, STEVAL-MKBOXPRO, STEVAL-PROTEUS1, STEVAL-STWINBX1, STM320518-EVAL, STM32C0116-DK, STM32C011D6Y3TR, STM32C011D6Y6TR, STM32C011F4P3, STM32C011F4P6, STM32C011F4U3, STM32C011F4U6TR, STM32C011F6P3, STM32C011F6P6, STM32C011F6U3, STM32C011F6U6TR, STM32C011J4M3, STM32C011J4M6, STM32C011J6M3, STM32C011J6M6, STM32C0316-DK, STM32C031C4T3, STM32C031C4T6, STM32C031C4U3, STM32C031C4U6, STM32C031C6T3, STM32C031C6T6, STM32C031C6U3, STM32C031C6U6, STM32C031F4P3, STM32C031F4P6, STM32C031F6P3, STM32C031F6P6, STM32C031G4U3, STM32C031G4U6, STM32C031G6U3, STM32C031G6U6, STM32C031K4T3, STM32C031K4T6, STM32C031K4U3, STM32C031K4U6, STM32C031K6T3, STM32C031K6T6, STM32C031K6U3, STM32C031K6U6, STM32G071K8TXN, STM32G071K8UXN, STM32G081GBU6N, STM32G081KBT6N, STM32G081KBUXN, STM32G0B1CCT6N, STM32G0B1KCT6, STM32G0B1NEY6TR, STM32G0B1RCT6N, STM32G0C1CCT6, STM32G0C1CCT6N, STM32G0C1CCU6N, STM32G0C1CET6N, STM32G0C1CEU6N, STM32G0C1KCT6, STM32G0C1NEY6TR, STM32G0C1RCI6N, STM32G0C1RCT6N, STM32G0C1REI6N, STM32G0C1RET6N, STM32G0C1VCI6, STM32G0C1VEI6, STM32G471CCT6, STM32G471CCU6, STM32G471CET3, STM32G471CET6, STM32G471CEU3, STM32G471CEU6, STM32G471MCT6, STM32G471MET3, STM32G471MET6, STM32G471MEY6TR, STM32G471QCT6, STM32G471QET3, STM32G471RCT6, STM32G471RET3, STM32G471RET6, STM32G471VCH6, STM32G471VCI6, STM32G471VCT6, STM32G471VEH3, STM32G471VEH6, STM32G471VEI3, STM32G471VEI6, STM32G471VET3, STM32G471VET6, STM32G474CCT6, STM32H503CBT6, STM32H503CBU6, STM32H503EBY6TR, STM32H503KBU6, STM32H503RBT6, STM32H562AGI6, STM32H562AII6, STM32H562IGK6, STM32H562IGT6, STM32H562IIK6, STM32H562IIT6, STM32H562RGT6, STM32H562RGV6, STM32H562RIT6, STM32H562RIV6, STM32H562VGT6, STM32H562VIT6, STM32H562ZGT6, STM32H562ZIT6, STM32H563AGI6, STM32H563AII3Q, STM32H563AII6, STM32H563IGK6, STM32H563IGT6, STM32H563IIK3Q, STM32H563IIK6, STM32H563IIT3Q, STM32H563IIT6, STM32H563MIY3QTR, STM32H563RGT6, STM32H563RGV6, STM32H563RIT6, STM32H563RIV6, STM32H563VGT6, STM32H563VIT3Q, STM32H563VIT6, STM32H563ZGT6, STM32H563ZIT3Q, STM32H563ZIT6, STM32H573AII3Q, STM32H573AII6, STM32H573I-DK, STM32H573IIK3Q, STM32H573IIK6, STM32H573IIT3Q, STM32H573IIT6, STM32H573MIY3QTR, STM32H573RIT6, STM32H573RIV6, STM32H573VIT3Q, STM32H573VIT6, STM32H573ZIT3Q, STM32H573ZIT6, STM32L4R5QGI6STR, STM32MP131AAE3, STM32MP131AAF3, STM32MP131AAG3, STM32MP131CAE3, STM32MP131CAF3, STM32MP131CAG3, STM32MP131DAE7, STM32MP131DAF7, STM32MP131DAG7, STM32MP131FAE7, STM32MP131FAF7, STM32MP131FAG7, STM32MP133AAE3, STM32MP133AAF3, STM32MP133AAG3, STM32MP133CAE3, STM32MP133CAF3, STM32MP133CAG3, STM32MP133DAE7, STM32MP133DAF7, STM32MP133DAG7, STM32MP133FAE7, STM32MP133FAF7, STM32MP133FAG7, STM32MP135AAE3, STM32MP135AAF3, STM32MP135AAG3, STM32MP135CAE3, STM32MP135CAF3, STM32MP135CAG3, STM32MP135DAE7, STM32MP135DAF7, STM32MP135DAG7, STM32MP135F-DK, STM32MP135FAE7, STM32MP135FAF7, STM32MP135FAF7T, STM32MP135FAF7U, STM32MP135FAG7, STM32U535CBT6, STM32U535CBT6Q, STM32U535CBU6, STM32U535CBU6Q, STM32U535CCT6, STM32U535CCT6Q, STM32U535CCU6, STM32U535CCU6Q, STM32U535CET6, STM32U535CET6Q, STM32U535CEU6, STM32U535CEU6Q, STM32U535JEY6QTR, STM32U535NCY6QTR, STM32U535NEY6QTR, STM32U535RBI6, STM32U535RBI6Q, STM32U535RBT6, STM32U535RBT6Q, STM32U535RCI6, STM32U535RCI6Q, STM32U535RCT6, STM32U535RCT6Q, STM32U535REI6, STM32U535REI6Q, STM32U535RET6, STM32U535RET6Q, STM32U535VCI6, STM32U535VCI6Q, STM32U535VCT6, STM32U535VCT6Q, STM32U535VEI6, STM32U535VEI6Q, STM32U535VET6, STM32U535VET6Q, STM32U545CET6, STM32U545CET6Q, STM32U545CEU6, STM32U545CEU6Q, STM32U545JEY6QTR, STM32U545NEY6QTR, STM32U545REI6, STM32U545REI6Q, STM32U545RET6, STM32U545RET6Q, STM32U545VEI6, STM32U545VEI6Q, STM32U545VET6, STM32U545VET6Q, STM32U595AIH6, STM32U595AIH6Q, STM32U595AJH6, STM32U595AJH6Q, STM32U595QII6, STM32U595QII6Q, STM32U595QJI6, STM32U595QJI6Q, STM32U595RIT6, STM32U595RIT6Q, STM32U595RJT6, STM32U595RJT6Q, STM32U595VIT6, STM32U595VIT6Q, STM32U595VJT6, STM32U595VJT6Q, STM32U595ZIT6, STM32U595ZIT6Q, STM32U595ZIY6QTR, STM32U595ZJT6, STM32U595ZJT6Q, STM32U595ZJY6QTR, STM32U599BJY6QTR, STM32U599NIH6Q, STM32U599NJH6Q, STM32U599VIT6Q, STM32U599VJT6, STM32U599VJT6Q, STM32U599ZIT6Q, STM32U599ZIY6QTR, STM32U599ZJT6Q, STM32U599ZJY6QTR, STM32U5A5AJH6, STM32U5A5AJH6Q, STM32U5A5QJI6, STM32U5A5QJI6Q, STM32U5A5RJT6, STM32U5A5RJT6Q, STM32U5A5VJT6, STM32U5A5VJT6Q, STM32U5A5ZJT6, STM32U5A5ZJT6Q, STM32U5A5ZJY6QTR, STM32U5A9BJY6QTR, STM32U5A9J-DK, STM32U5A9NJH6Q, STM32U5A9VJT6Q, STM32U5A9ZJT6Q, STM32U5A9ZJY6QTR, STM32U5F7VIT6, STM32U5F7VIT6Q, STM32U5F7VJT6, STM32U5F7VJT6Q, STM32U5F9BJY6QTR, STM32U5F9NJH6Q, STM32U5F9VIT6Q, STM32U5F9VJT6Q, STM32U5F9ZIJ6QTR, STM32U5F9ZIT6Q, STM32U5F9ZJJ6QTR, STM32U5F9ZJT6Q, STM32U5G7VJT6, STM32U5G7VJT6Q, STM32U5G9BJY6QTR, STM32U5G9J-DK1, STM32U5G9J-DK2, STM32U5G9NJH6Q, STM32U5G9VJT6Q, STM32U5G9ZJJ6QTR, STM32U5G9ZJT6Q, STM32WB1MMCH6, STM32WBA50KEU6, STM32WBA50KEU6TR, STM32WBA50KGU6, STM32WBA50KGU6TR, STM32WBA52CEU6, STM32WBA52CEU6TR, STM32WBA52CEU7, STM32WBA52CEU7TR, STM32WBA52CGU6, STM32WBA52CGU6TR, STM32WBA52CGU6U, STM32WBA52CGU7, STM32WBA52CGU7TR, STM32WBA52KEU6, STM32WBA52KEU6TR, STM32WBA52KGU6, STM32WBA52KGU6TR, STM32WBA54CEU6, STM32WBA54CEU6TR, STM32WBA54CEU7, STM32WBA54CEU7TR, STM32WBA54CGU6, STM32WBA54CGU6TR, STM32WBA54CGU7, STM32WBA54CGU7TR, STM32WBA54KEU6, STM32WBA54KEU6TR, STM32WBA54KEU7, STM32WBA54KEU7TR, STM32WBA54KGU6, STM32WBA54KGU6TR, STM32WBA54KGU7, STM32WBA54KGU7TR, STM32WBA55CEU6, STM32WBA55CEU6TR, STM32WBA55CEU7, STM32WBA55CEU7TR, STM32WBA55CGU6, STM32WBA55CGU6TR, STM32WBA55CGU6U, STM32WBA55CGU7, STM32WBA55CGU7TR, STM32WBA55G-DK1, STM32WBA55HEF6, STM32WBA55HEF7, STM32WBA55HGF6, STM32WBA55HGF7, STM32WBA55UEI6, STM32WBA55UEI6TR, STM32WBA55UEI7, STM32WBA55UEI7TR, STM32WBA55UGI6, STM32WBA55UGI6TR, STM32WBA55UGI7, STM32WBA55UGI7TR, STM32WL5MOCH6, STM32WL5MOCH6TR]
2024-08-03 11:53:52,757 [INFO] DbMcus:218 - Found 4203 MCUs, 4203 are supported
2024-08-03 11:53:52,758 [INFO] ApiDb:423 - Load user favorites file /home/pc/.stm32cubeide/favorites.mcus.txt: 0 item(s)
2024-08-03 11:53:52,758 [INFO] ApiDb:427 - User favorites MCUs=[]
2024-08-03 11:53:52,758 [INFO] DbMcus:224 - Set 0 / 0 favorites MCUs
2024-08-03 11:53:53,040 [INFO] MicroXplorer:468 - Change Database Path : 
2024-08-03 11:53:53,040 [INFO] MicroXplorer:498 - Change Database Version : DB.6.0.100
2024-08-03 11:53:53,040 [WARN] ThirdParty:833 - waiting for thirdparty lock release [change project]
2024-08-03 11:53:53,040 [INFO] ThirdParty:835 - entering critical section [change project]
2024-08-03 11:53:53,040 [INFO] ThirdParty:1030 - CMSIS Pack Vendor :STMicroelectronics USBPD 4.1
2024-08-03 11:53:53,040 [INFO] ThirdParty:1030 - CMSIS Pack Vendor :STMicroelectronics X-CUBE-GNSS1 6.0.0
2024-08-03 11:53:53,040 [INFO] ThirdParty:1030 - CMSIS Pack Vendor :STMicroelectronics USB_HOST 2.0.0
2024-08-03 11:53:53,040 [INFO] ThirdParty:1030 - CMSIS Pack Vendor :STMicroelectronics X-CUBE-AZRTOS-F4 1.1.0
2024-08-03 11:53:53,040 [INFO] ThirdParty:1030 - CMSIS Pack Vendor :STMicroelectronics LIBJPEG 8.0.0
2024-08-03 11:53:53,040 [INFO] ThirdParty:1030 - CMSIS Pack Vendor :STMicroelectronics X-CUBE-SMBUS 2.1.0
2024-08-03 11:53:53,040 [INFO] ThirdParty:1030 - CMSIS Pack Vendor :STMicroelectronics USB_DEVICE 3.0.0
2024-08-03 11:53:53,040 [INFO] ThirdParty:1030 - CMSIS Pack Vendor :STMicroelectronics X-CUBE-AZRTOS-WB 2.0.0
2024-08-03 11:53:53,040 [INFO] ThirdParty:1030 - CMSIS Pack Vendor :STMicroelectronics X-CUBE-TOUCHGFX 4.23.2
2024-08-03 11:53:53,040 [INFO] ThirdParty:1030 - CMSIS Pack Vendor :STMicroelectronics X-CUBE-AZRTOS-F7 1.1.0
2024-08-03 11:53:53,040 [INFO] ThirdParty:1030 - CMSIS Pack Vendor :STMicroelectronics X-CUBE-AZRTOS-L5 2.0.0
2024-08-03 11:53:53,041 [INFO] ThirdParty:1030 - CMSIS Pack Vendor :STMicroelectronics USB_DEVICE 2.0.0
2024-08-03 11:53:53,041 [INFO] ThirdParty:1030 - CMSIS Pack Vendor :STMicroelectronics FP-SNS-STBOX1 2.0.0
2024-08-03 11:53:53,041 [INFO] ThirdParty:1030 - CMSIS Pack Vendor :STMicroelectronics FreeRTOS 0.0.1
2024-08-03 11:53:53,041 [INFO] ThirdParty:1030 - CMSIS Pack Vendor :STMicroelectronics X-CUBE-AZRTOS-G0 1.1.0
2024-08-03 11:53:53,041 [INFO] ThirdParty:1030 - CMSIS Pack Vendor :STMicroelectronics X-CUBE-NFC4 3.0.0
2024-08-03 11:53:53,041 [INFO] ThirdParty:1030 - CMSIS Pack Vendor :STMicroelectronics X-CUBE-DPower 1.2.0
2024-08-03 11:53:53,041 [INFO] ThirdParty:1030 - CMSIS Pack Vendor :STMicroelectronics X-CUBE-SUBG2 5.0.0
2024-08-03 11:53:53,041 [INFO] ThirdParty:1030 - CMSIS Pack Vendor :STMicroelectronics STM32_WPAN 1.0.0
2024-08-03 11:53:53,041 [INFO] ThirdParty:1030 - CMSIS Pack Vendor :EmbeddedOffice I-CUBE-FS-RTOS 1.0.1
2024-08-03 11:53:53,041 [INFO] ThirdParty:1030 - CMSIS Pack Vendor :STMicroelectronics lwIP 2.0.3
2024-08-03 11:53:53,041 [INFO] ThirdParty:1030 - CMSIS Pack Vendor :STMicroelectronics FP-SNS-FLIGHT1 5.0.2
2024-08-03 11:53:53,041 [INFO] ThirdParty:1030 - CMSIS Pack Vendor :Cesanta I-CUBE-Mongoose 7.13.0
2024-08-03 11:53:53,041 [INFO] ThirdParty:1030 - CMSIS Pack Vendor :STMicroelectronics USB_HOST 1.0.0
2024-08-03 11:53:53,041 [INFO] ThirdParty:1030 - CMSIS Pack Vendor :STMicroelectronics X-CUBE-AZRTOS-G4 2.0.0
2024-08-03 11:53:53,041 [INFO] ThirdParty:1030 - CMSIS Pack Vendor :STMicroelectronics PDM2PCM 3.1.0
2024-08-03 11:53:53,041 [INFO] ThirdParty:1030 - CMSIS Pack Vendor :STMicroelectronics PDM2PCM 3.3.0
2024-08-03 11:53:53,041 [INFO] ThirdParty:1030 - CMSIS Pack Vendor :STMicroelectronics X-CUBE-DISPLAY 3.0.0
2024-08-03 11:53:53,041 [INFO] ThirdParty:1030 - CMSIS Pack Vendor :RealThread X-CUBE-RT-Thread_Nano 4.1.1
2024-08-03 11:53:53,041 [INFO] ThirdParty:1030 - CMSIS Pack Vendor :STMicroelectronics X-CUBE-BLE1 7.0.0
2024-08-03 11:53:53,041 [INFO] ThirdParty:1030 - CMSIS Pack Vendor :STMicroelectronics FP-ATR-SIGFOX1 3.2.0
2024-08-03 11:53:53,041 [INFO] ThirdParty:1030 - CMSIS Pack Vendor :STMicroelectronics HAL Drivers 0.0.0
2024-08-03 11:53:53,041 [INFO] ThirdParty:1030 - CMSIS Pack Vendor :STMicroelectronics MBEDTLS 2.16.2
2024-08-03 11:53:53,041 [INFO] ThirdParty:1030 - CMSIS Pack Vendor :STMicroelectronics X-CUBE-ALS 1.0.2
2024-08-03 11:53:53,041 [INFO] ThirdParty:1030 - CMSIS Pack Vendor :emotas I-CUBE-CANOPEN 1.3.0
2024-08-03 11:53:53,041 [INFO] ThirdParty:1030 - CMSIS Pack Vendor :STMicroelectronics X-CUBE-MEMS1 10.0.0
2024-08-03 11:53:53,041 [INFO] ThirdParty:1030 - CMSIS Pack Vendor :STMicroelectronics X-CUBE-NFC7 1.0.1
2024-08-03 11:53:53,041 [INFO] ThirdParty:1030 - CMSIS Pack Vendor :STMicroelectronics MBEDTLS 2.14.1
2024-08-03 11:53:53,041 [INFO] ThirdParty:1030 - CMSIS Pack Vendor :STMicroelectronics X-CUBE-TOUCHGFX 4.24.0
2024-08-03 11:53:53,041 [INFO] ThirdParty:1030 - CMSIS Pack Vendor :ITTIA_DB I-CUBE-ITTIADB 8.9.0
2024-08-03 11:53:53,041 [INFO] ThirdParty:1030 - CMSIS Pack Vendor :wolfSSL I-CUBE-wolfTPM 3.2.0
2024-08-03 11:53:53,041 [INFO] ThirdParty:1030 - CMSIS Pack Vendor :portGmbH I-Cube-SoM-uGOAL 1.1.0
2024-08-03 11:53:53,041 [INFO] ThirdParty:1030 - CMSIS Pack Vendor :STMicroelectronics X-CUBE-ALS 1.0.1
2024-08-03 11:53:53,041 [INFO] ThirdParty:1030 - CMSIS Pack Vendor :STMicroelectronics ThreadX 1.0.0
2024-08-03 11:53:53,041 [INFO] ThirdParty:1030 - CMSIS Pack Vendor :STMicroelectronics FP-SNS-SMARTAG2 1.2.0
2024-08-03 11:53:53,041 [INFO] ThirdParty:1030 - CMSIS Pack Vendor :STMicroelectronics X-CUBE-AZRTOS-WL 2.0.0
2024-08-03 11:53:53,041 [INFO] ThirdParty:1030 - CMSIS Pack Vendor :SEGGER I-CUBE-embOS 1.3.1
2024-08-03 11:53:53,041 [INFO] ThirdParty:1030 - CMSIS Pack Vendor :STMicroelectronics USB_DEVICE 1.0.0
2024-08-03 11:53:53,041 [INFO] ThirdParty:1030 - CMSIS Pack Vendor :wolfSSL I-CUBE-wolfMQTT 1.19.0
2024-08-03 11:53:53,041 [INFO] ThirdParty:1030 - CMSIS Pack Vendor :STMicroelectronics X-CUBE-AZRTOS-L4 2.0.0
2024-08-03 11:53:53,041 [INFO] ThirdParty:1030 - CMSIS Pack Vendor :STMicroelectronics ThreadX 0.0.2
2024-08-03 11:53:53,041 [INFO] ThirdParty:1030 - CMSIS Pack Vendor :WES I-CUBE-Cesium 1.3.0
2024-08-03 11:53:53,042 [INFO] ThirdParty:1030 - CMSIS Pack Vendor :STMicroelectronics FP-ATR-ASTRA1 2.0.0
2024-08-03 11:53:53,042 [INFO] ThirdParty:1030 - CMSIS Pack Vendor :STMicroelectronics lwIP 2.1.2
2024-08-03 11:53:53,042 [INFO] ThirdParty:1030 - CMSIS Pack Vendor :STMicroelectronics X-CUBE-SFXS2LP1 4.0.0
2024-08-03 11:53:53,042 [INFO] ThirdParty:1030 - CMSIS Pack Vendor :STMicroelectronics X-CUBE-BLE2 3.3.0
2024-08-03 11:53:53,042 [INFO] ThirdParty:1030 - CMSIS Pack Vendor :STMicroelectronics X-CUBE-TOF1 3.4.2
2024-08-03 11:53:53,042 [INFO] ThirdParty:1030 - CMSIS Pack Vendor :STMicroelectronics X-CUBE-TOF1 3.4.1
2024-08-03 11:53:53,042 [INFO] ThirdParty:1030 - CMSIS Pack Vendor :Infineon AIROC-Wi-Fi-Bluetooth-STM32 1.6.0
2024-08-03 11:53:53,042 [INFO] ThirdParty:1030 - CMSIS Pack Vendor :STMicroelectronics PDM2PCM 3.2.0
2024-08-03 11:53:53,042 [INFO] ThirdParty:1030 - CMSIS Pack Vendor :wolfSSL I-CUBE-wolfSSH 1.4.17
2024-08-03 11:53:53,042 [INFO] ThirdParty:841 - exiting critical section [change project]
2024-08-03 11:53:53,255 [INFO] PinOutPanel:1499 - setPackage(No Configuration,No Configuration)
2024-08-03 11:53:53,256 [INFO] PinOutPanel:1499 - setPackage(STM32F407VGTx,LQFP100)
2024-08-03 11:53:53,425 [INFO] UtilMem:75 - Before build in PCC Used Memory: 933848024 Bytes (1073741824)
2024-08-03 11:53:53,847 [INFO] UtilMem:75 - After build in PCC Used Memory: 542413440 Bytes (1073741824)
2024-08-03 11:53:53,880 [INFO] IPUIPlugin:80 - create IPUIPlugin
2024-08-03 11:53:53,880 [INFO] IPUIPlugin:80 - create IPUIPlugin
2024-08-03 11:53:53,881 [INFO] IPUIPlugin:80 - create IPUIPlugin
2024-08-03 11:53:53,881 [INFO] IPUIPlugin:80 - create IPUIPlugin
2024-08-03 11:53:53,881 [INFO] IPUIPlugin:80 - create IPUIPlugin
2024-08-03 11:53:53,881 [INFO] IPUIPlugin:80 - create IPUIPlugin
2024-08-03 11:53:53,881 [INFO] IPUIPlugin:80 - create IPUIPlugin
2024-08-03 11:53:53,881 [INFO] IPUIPlugin:80 - create IPUIPlugin
2024-08-03 11:53:53,881 [INFO] IPUIPlugin:80 - create IPUIPlugin
2024-08-03 11:53:53,881 [INFO] IPUIPlugin:80 - create IPUIPlugin
2024-08-03 11:53:53,882 [INFO] IPUIPlugin:80 - create IPUIPlugin
2024-08-03 11:53:53,882 [INFO] IPUIPlugin:80 - create IPUIPlugin
2024-08-03 11:53:53,882 [INFO] IPUIPlugin:80 - create IPUIPlugin
2024-08-03 11:53:53,882 [INFO] IPUIPlugin:80 - create IPUIPlugin
2024-08-03 11:53:53,882 [INFO] IPUIPlugin:80 - create IPUIPlugin
2024-08-03 11:53:53,882 [INFO] IPUIPlugin:80 - create IPUIPlugin
2024-08-03 11:53:53,882 [INFO] IPUIPlugin:80 - create IPUIPlugin
2024-08-03 11:53:53,882 [INFO] IPUIPlugin:80 - create IPUIPlugin
2024-08-03 11:53:53,883 [INFO] IPUIPlugin:80 - create IPUIPlugin
2024-08-03 11:53:53,883 [INFO] IPUIPlugin:80 - create IPUIPlugin
2024-08-03 11:53:53,883 [INFO] IPUIPlugin:80 - create IPUIPlugin
2024-08-03 11:53:53,883 [INFO] IPUIPlugin:80 - create IPUIPlugin
2024-08-03 11:53:53,883 [INFO] IPUIPlugin:80 - create IPUIPlugin
2024-08-03 11:53:53,883 [INFO] IPUIPlugin:80 - create IPUIPlugin
2024-08-03 11:53:53,884 [INFO] IPUIPlugin:80 - create IPUIPlugin
2024-08-03 11:53:53,884 [INFO] IPUIPlugin:80 - create IPUIPlugin
2024-08-03 11:53:53,884 [INFO] IPUIPlugin:80 - create IPUIPlugin
2024-08-03 11:53:53,884 [INFO] IPUIPlugin:80 - create IPUIPlugin
2024-08-03 11:53:53,884 [INFO] IPUIPlugin:80 - create IPUIPlugin
2024-08-03 11:53:53,884 [INFO] IPUIPlugin:80 - create IPUIPlugin
2024-08-03 11:53:53,885 [INFO] IPUIPlugin:80 - create IPUIPlugin
2024-08-03 11:53:53,885 [INFO] IPUIPlugin:80 - create IPUIPlugin
2024-08-03 11:53:53,885 [INFO] IPUIPlugin:80 - create IPUIPlugin
2024-08-03 11:53:53,885 [INFO] IPUIPlugin:80 - create IPUIPlugin
2024-08-03 11:53:53,885 [INFO] IPUIPlugin:80 - create IPUIPlugin
2024-08-03 11:53:53,885 [INFO] IPUIPlugin:80 - create IPUIPlugin
2024-08-03 11:53:53,885 [INFO] IPUIPlugin:80 - create IPUIPlugin
2024-08-03 11:53:53,886 [INFO] IPUIPlugin:80 - create IPUIPlugin
2024-08-03 11:53:53,886 [INFO] IPUIPlugin:80 - create IPUIPlugin
2024-08-03 11:53:53,886 [INFO] IPUIPlugin:80 - create IPUIPlugin
2024-08-03 11:53:53,886 [INFO] IPUIPlugin:80 - create IPUIPlugin
2024-08-03 11:53:53,886 [INFO] IPUIPlugin:80 - create IPUIPlugin
2024-08-03 11:53:53,886 [INFO] IPUIPlugin:80 - create IPUIPlugin
2024-08-03 11:53:53,886 [INFO] IPUIPlugin:80 - create IPUIPlugin
2024-08-03 11:53:53,887 [INFO] IPUIPlugin:80 - create IPUIPlugin
2024-08-03 11:53:53,887 [INFO] IPUIPlugin:80 - create IPUIPlugin
2024-08-03 11:53:53,887 [INFO] IPUIPlugin:80 - create IPUIPlugin
2024-08-03 11:53:53,887 [INFO] IPUIPlugin:80 - create IPUIPlugin
2024-08-03 11:53:53,887 [INFO] IPUIPlugin:80 - create IPUIPlugin
2024-08-03 11:53:53,887 [INFO] IPUIPlugin:80 - create IPUIPlugin
2024-08-03 11:53:53,887 [INFO] IPUIPlugin:80 - create IPUIPlugin
2024-08-03 11:53:53,887 [INFO] IPUIPlugin:80 - create IPUIPlugin
2024-08-03 11:53:53,887 [INFO] IPUIPlugin:80 - create IPUIPlugin
2024-08-03 11:53:53,888 [INFO] IPUIPlugin:80 - create IPUIPlugin
2024-08-03 11:53:53,888 [INFO] IPUIPlugin:80 - create IPUIPlugin
2024-08-03 11:53:53,889 [INFO] IPUIPlugin:80 - create IPUIPlugin
2024-08-03 11:53:53,890 [INFO] IPUIPlugin:80 - create IPUIPlugin
2024-08-03 11:53:53,890 [INFO] IPUIPlugin:80 - create IPUIPlugin
2024-08-03 11:53:53,917 [INFO] ApiDbMcu:508 - Load IP Config File for PDM2PCM
2024-08-03 11:53:53,922 [WARN] IP:2119 - I2C_Coeff_DF not found: check if there is a RefParameter without a condition.
2024-08-03 11:53:53,922 [WARN] IP:2119 - Analog_Filter not found: check if there is a RefParameter without a condition.
2024-08-03 11:53:54,051 [INFO] CADModel:165 - CPN selected for project levelSTM32F407VGT6
2024-08-03 11:53:54,051 [INFO] CADModel:114 - Register for checkConnection events
2024-08-03 11:53:54,089 [INFO] OpenFileManager:343 - Restore cursor
2024-08-03 11:53:54,203 [WARN] IP:2119 - I2C_Coeff_DF not found: check if there is a RefParameter without a condition.
2024-08-03 11:53:54,203 [WARN] IP:2119 - Analog_Filter not found: check if there is a RefParameter without a condition.
2024-08-03 11:53:54,203 [WARN] IP:2119 - I2C_Coeff_DF not found: check if there is a RefParameter without a condition.
2024-08-03 11:53:54,203 [WARN] IP:2119 - Analog_Filter not found: check if there is a RefParameter without a condition.
2024-08-03 12:05:40,439 [ERROR] LogOutputStream:75 - [STDERR_REDIRECT] 
